"pkg-config --exists libffi"
| pkg-config --libs libffi
=> "-lffi\n"
"gcc -o conftest -I/Users/gramos/.rvm/rubies/ruby-2.5.3/include/ruby-2.5.0/x86_64-darwin20 -I/Users/gramos/.rvm/rubies/ruby-2.5.3/include/ruby-2.5.0/ruby/backward -I/Users/gramos/.rvm/rubies/ruby-2.5.3/include/ruby-2.5.0 -I.  -I/usr/local/opt/libyaml/include -I/usr/local/opt/libksba/include -I/usr/local/opt/readline/include -I/usr/local/opt/zlib/include -I/usr/local/opt/openssl@1.1/include -D_XOPEN_SOURCE -D_DARWIN_C_SOURCE -D_DARWIN_UNLIMITED_SELECT -D_REENTRANT   -Wno-implicit-function-declaration conftest.c  -L. -L/Users/gramos/.rvm/rubies/ruby-2.5.3/lib -L/usr/local/opt/libyaml/lib -L/usr/local/opt/libksba/lib -L/usr/local/opt/readline/lib -L/usr/local/opt/zlib/lib -L/usr/local/opt/openssl@1.1/lib -L. -fstack-protector -L/usr/local/lib -L/usr/local/opt/libyaml/lib -L/usr/local/opt/libksba/lib -L/usr/local/opt/readline/lib -L/usr/local/opt/zlib/lib -L/usr/local/opt/openssl@1.1/lib     -lruby.2.5.3  -lpthread -ldl -lobjc "
checked program was:
/* begin */
1: #include "ruby.h"
2: 
3: int main(int argc, char **argv)
4: {
5:   return 0;
6: }
/* end */

"gcc -o conftest -I/Users/gramos/.rvm/rubies/ruby-2.5.3/include/ruby-2.5.0/x86_64-darwin20 -I/Users/gramos/.rvm/rubies/ruby-2.5.3/include/ruby-2.5.0/ruby/backward -I/Users/gramos/.rvm/rubies/ruby-2.5.3/include/ruby-2.5.0 -I.  -I/usr/local/opt/libyaml/include -I/usr/local/opt/libksba/include -I/usr/local/opt/readline/include -I/usr/local/opt/zlib/include -I/usr/local/opt/openssl@1.1/include -D_XOPEN_SOURCE -D_DARWIN_C_SOURCE -D_DARWIN_UNLIMITED_SELECT -D_REENTRANT   -Wno-implicit-function-declaration conftest.c  -L. -L/Users/gramos/.rvm/rubies/ruby-2.5.3/lib -L/usr/local/opt/libyaml/lib -L/usr/local/opt/libksba/lib -L/usr/local/opt/readline/lib -L/usr/local/opt/zlib/lib -L/usr/local/opt/openssl@1.1/lib -L. -fstack-protector -L/usr/local/lib -L/usr/local/opt/libyaml/lib -L/usr/local/opt/libksba/lib -L/usr/local/opt/readline/lib -L/usr/local/opt/zlib/lib -L/usr/local/opt/openssl@1.1/lib     -lruby.2.5.3 -lffi -lpthread -ldl -lobjc "
checked program was:
/* begin */
1: #include "ruby.h"
2: 
3: int main(int argc, char **argv)
4: {
5:   return 0;
6: }
/* end */

| pkg-config --cflags-only-I libffi
=> "-I/Library/Developer/CommandLineTools/SDKs/MacOSX.sdk/usr/include/ffi\n"
| pkg-config --cflags-only-other libffi
=> "\n"
| pkg-config --libs-only-l libffi
=> "-lffi\n"
package configuration for libffi
cflags: 
ldflags: 
libs: -lffi

have_library: checking for ffi_call() in -lffi... -------------------- yes

"gcc -o conftest -I/Users/gramos/.rvm/rubies/ruby-2.5.3/include/ruby-2.5.0/x86_64-darwin20 -I/Users/gramos/.rvm/rubies/ruby-2.5.3/include/ruby-2.5.0/ruby/backward -I/Users/gramos/.rvm/rubies/ruby-2.5.3/include/ruby-2.5.0 -I. -I/Library/Developer/CommandLineTools/SDKs/MacOSX.sdk/usr/include/ffi  -I/usr/local/opt/libyaml/include -I/usr/local/opt/libksba/include -I/usr/local/opt/readline/include -I/usr/local/opt/zlib/include -I/usr/local/opt/openssl@1.1/include -D_XOPEN_SOURCE -D_DARWIN_C_SOURCE -D_DARWIN_UNLIMITED_SELECT -D_REENTRANT   -Wno-implicit-function-declaration  conftest.c  -L. -L/Users/gramos/.rvm/rubies/ruby-2.5.3/lib -L/usr/local/opt/libyaml/lib -L/usr/local/opt/libksba/lib -L/usr/local/opt/readline/lib -L/usr/local/opt/zlib/lib -L/usr/local/opt/openssl@1.1/lib -L. -fstack-protector -L/usr/local/lib -L/usr/local/opt/libyaml/lib -L/usr/local/opt/libksba/lib -L/usr/local/opt/readline/lib -L/usr/local/opt/zlib/lib -L/usr/local/opt/openssl@1.1/lib      -lffi -lruby.2.5.3 -lffi  -lffi -lpthread -ldl -lobjc "
checked program was:
/* begin */
 1: #include "ruby.h"
 2: 
 3: #include <ffi.h>
 4: 
 5: /*top*/
 6: extern int t(void);
 7: int main(int argc, char **argv)
 8: {
 9:   if (argc > 1000000) {
10:     printf("%p", &t);
11:   }
12: 
13:   return 0;
14: }
15: int t(void) { void ((*volatile p)()); p = (void ((*)()))ffi_call; return !p; }
/* end */

--------------------

have_func: checking for ffi_prep_closure()... -------------------- yes

"gcc -o conftest -I/Users/gramos/.rvm/rubies/ruby-2.5.3/include/ruby-2.5.0/x86_64-darwin20 -I/Users/gramos/.rvm/rubies/ruby-2.5.3/include/ruby-2.5.0/ruby/backward -I/Users/gramos/.rvm/rubies/ruby-2.5.3/include/ruby-2.5.0 -I. -I/Library/Developer/CommandLineTools/SDKs/MacOSX.sdk/usr/include/ffi  -I/usr/local/opt/libyaml/include -I/usr/local/opt/libksba/include -I/usr/local/opt/readline/include -I/usr/local/opt/zlib/include -I/usr/local/opt/openssl@1.1/include -D_XOPEN_SOURCE -D_DARWIN_C_SOURCE -D_DARWIN_UNLIMITED_SELECT -D_REENTRANT   -Wno-implicit-function-declaration  conftest.c  -L. -L/Users/gramos/.rvm/rubies/ruby-2.5.3/lib -L/usr/local/opt/libyaml/lib -L/usr/local/opt/libksba/lib -L/usr/local/opt/readline/lib -L/usr/local/opt/zlib/lib -L/usr/local/opt/openssl@1.1/lib -L. -fstack-protector -L/usr/local/lib -L/usr/local/opt/libyaml/lib -L/usr/local/opt/libksba/lib -L/usr/local/opt/readline/lib -L/usr/local/opt/zlib/lib -L/usr/local/opt/openssl@1.1/lib     -lffi  -lffi -lruby.2.5.3 -lffi  -lffi -lpthread -ldl -lobjc "
conftest.c:13:57: error: use of undeclared identifier 'ffi_prep_closure'
int t(void) { void ((*volatile p)()); p = (void ((*)()))ffi_prep_closure; return !p; }
                                                        ^
1 error generated.
checked program was:
/* begin */
 1: #include "ruby.h"
 2: 
 3: /*top*/
 4: extern int t(void);
 5: int main(int argc, char **argv)
 6: {
 7:   if (argc > 1000000) {
 8:     printf("%p", &t);
 9:   }
10: 
11:   return 0;
12: }
13: int t(void) { void ((*volatile p)()); p = (void ((*)()))ffi_prep_closure; return !p; }
/* end */

"gcc -o conftest -I/Users/gramos/.rvm/rubies/ruby-2.5.3/include/ruby-2.5.0/x86_64-darwin20 -I/Users/gramos/.rvm/rubies/ruby-2.5.3/include/ruby-2.5.0/ruby/backward -I/Users/gramos/.rvm/rubies/ruby-2.5.3/include/ruby-2.5.0 -I. -I/Library/Developer/CommandLineTools/SDKs/MacOSX.sdk/usr/include/ffi  -I/usr/local/opt/libyaml/include -I/usr/local/opt/libksba/include -I/usr/local/opt/readline/include -I/usr/local/opt/zlib/include -I/usr/local/opt/openssl@1.1/include -D_XOPEN_SOURCE -D_DARWIN_C_SOURCE -D_DARWIN_UNLIMITED_SELECT -D_REENTRANT   -Wno-implicit-function-declaration  conftest.c  -L. -L/Users/gramos/.rvm/rubies/ruby-2.5.3/lib -L/usr/local/opt/libyaml/lib -L/usr/local/opt/libksba/lib -L/usr/local/opt/readline/lib -L/usr/local/opt/zlib/lib -L/usr/local/opt/openssl@1.1/lib -L. -fstack-protector -L/usr/local/lib -L/usr/local/opt/libyaml/lib -L/usr/local/opt/libksba/lib -L/usr/local/opt/readline/lib -L/usr/local/opt/zlib/lib -L/usr/local/opt/openssl@1.1/lib     -lffi  -lffi -lruby.2.5.3 -lffi  -lffi -lpthread -ldl -lobjc "
checked program was:
/* begin */
 1: #include "ruby.h"
 2: 
 3: /*top*/
 4: extern int t(void);
 5: int main(int argc, char **argv)
 6: {
 7:   if (argc > 1000000) {
 8:     printf("%p", &t);
 9:   }
10: 
11:   return 0;
12: }
13: extern void ffi_prep_closure();
14: int t(void) { ffi_prep_closure(); return 0; }
/* end */

--------------------

have_func: checking for ffi_raw_call()... -------------------- yes

"gcc -o conftest -I/Users/gramos/.rvm/rubies/ruby-2.5.3/include/ruby-2.5.0/x86_64-darwin20 -I/Users/gramos/.rvm/rubies/ruby-2.5.3/include/ruby-2.5.0/ruby/backward -I/Users/gramos/.rvm/rubies/ruby-2.5.3/include/ruby-2.5.0 -I. -I/Library/Developer/CommandLineTools/SDKs/MacOSX.sdk/usr/include/ffi  -I/usr/local/opt/libyaml/include -I/usr/local/opt/libksba/include -I/usr/local/opt/readline/include -I/usr/local/opt/zlib/include -I/usr/local/opt/openssl@1.1/include -D_XOPEN_SOURCE -D_DARWIN_C_SOURCE -D_DARWIN_UNLIMITED_SELECT -D_REENTRANT   -Wno-implicit-function-declaration  conftest.c  -L. -L/Users/gramos/.rvm/rubies/ruby-2.5.3/lib -L/usr/local/opt/libyaml/lib -L/usr/local/opt/libksba/lib -L/usr/local/opt/readline/lib -L/usr/local/opt/zlib/lib -L/usr/local/opt/openssl@1.1/lib -L. -fstack-protector -L/usr/local/lib -L/usr/local/opt/libyaml/lib -L/usr/local/opt/libksba/lib -L/usr/local/opt/readline/lib -L/usr/local/opt/zlib/lib -L/usr/local/opt/openssl@1.1/lib     -lffi  -lffi -lruby.2.5.3 -lffi  -lffi -lpthread -ldl -lobjc "
conftest.c:13:57: error: use of undeclared identifier 'ffi_raw_call'
int t(void) { void ((*volatile p)()); p = (void ((*)()))ffi_raw_call; return !p; }
                                                        ^
1 error generated.
checked program was:
/* begin */
 1: #include "ruby.h"
 2: 
 3: /*top*/
 4: extern int t(void);
 5: int main(int argc, char **argv)
 6: {
 7:   if (argc > 1000000) {
 8:     printf("%p", &t);
 9:   }
10: 
11:   return 0;
12: }
13: int t(void) { void ((*volatile p)()); p = (void ((*)()))ffi_raw_call; return !p; }
/* end */

"gcc -o conftest -I/Users/gramos/.rvm/rubies/ruby-2.5.3/include/ruby-2.5.0/x86_64-darwin20 -I/Users/gramos/.rvm/rubies/ruby-2.5.3/include/ruby-2.5.0/ruby/backward -I/Users/gramos/.rvm/rubies/ruby-2.5.3/include/ruby-2.5.0 -I. -I/Library/Developer/CommandLineTools/SDKs/MacOSX.sdk/usr/include/ffi  -I/usr/local/opt/libyaml/include -I/usr/local/opt/libksba/include -I/usr/local/opt/readline/include -I/usr/local/opt/zlib/include -I/usr/local/opt/openssl@1.1/include -D_XOPEN_SOURCE -D_DARWIN_C_SOURCE -D_DARWIN_UNLIMITED_SELECT -D_REENTRANT   -Wno-implicit-function-declaration  conftest.c  -L. -L/Users/gramos/.rvm/rubies/ruby-2.5.3/lib -L/usr/local/opt/libyaml/lib -L/usr/local/opt/libksba/lib -L/usr/local/opt/readline/lib -L/usr/local/opt/zlib/lib -L/usr/local/opt/openssl@1.1/lib -L. -fstack-protector -L/usr/local/lib -L/usr/local/opt/libyaml/lib -L/usr/local/opt/libksba/lib -L/usr/local/opt/readline/lib -L/usr/local/opt/zlib/lib -L/usr/local/opt/openssl@1.1/lib     -lffi  -lffi -lruby.2.5.3 -lffi  -lffi -lpthread -ldl -lobjc "
checked program was:
/* begin */
 1: #include "ruby.h"
 2: 
 3: /*top*/
 4: extern int t(void);
 5: int main(int argc, char **argv)
 6: {
 7:   if (argc > 1000000) {
 8:     printf("%p", &t);
 9:   }
10: 
11:   return 0;
12: }
13: extern void ffi_raw_call();
14: int t(void) { ffi_raw_call(); return 0; }
/* end */

--------------------

have_func: checking for ffi_prep_raw_closure()... -------------------- yes

"gcc -o conftest -I/Users/gramos/.rvm/rubies/ruby-2.5.3/include/ruby-2.5.0/x86_64-darwin20 -I/Users/gramos/.rvm/rubies/ruby-2.5.3/include/ruby-2.5.0/ruby/backward -I/Users/gramos/.rvm/rubies/ruby-2.5.3/include/ruby-2.5.0 -I. -I/Library/Developer/CommandLineTools/SDKs/MacOSX.sdk/usr/include/ffi  -I/usr/local/opt/libyaml/include -I/usr/local/opt/libksba/include -I/usr/local/opt/readline/include -I/usr/local/opt/zlib/include -I/usr/local/opt/openssl@1.1/include -D_XOPEN_SOURCE -D_DARWIN_C_SOURCE -D_DARWIN_UNLIMITED_SELECT -D_REENTRANT   -Wno-implicit-function-declaration  conftest.c  -L. -L/Users/gramos/.rvm/rubies/ruby-2.5.3/lib -L/usr/local/opt/libyaml/lib -L/usr/local/opt/libksba/lib -L/usr/local/opt/readline/lib -L/usr/local/opt/zlib/lib -L/usr/local/opt/openssl@1.1/lib -L. -fstack-protector -L/usr/local/lib -L/usr/local/opt/libyaml/lib -L/usr/local/opt/libksba/lib -L/usr/local/opt/readline/lib -L/usr/local/opt/zlib/lib -L/usr/local/opt/openssl@1.1/lib     -lffi  -lffi -lruby.2.5.3 -lffi  -lffi -lpthread -ldl -lobjc "
conftest.c:13:57: error: use of undeclared identifier 'ffi_prep_raw_closure'
int t(void) { void ((*volatile p)()); p = (void ((*)()))ffi_prep_raw_closure; return !p; }
                                                        ^
1 error generated.
checked program was:
/* begin */
 1: #include "ruby.h"
 2: 
 3: /*top*/
 4: extern int t(void);
 5: int main(int argc, char **argv)
 6: {
 7:   if (argc > 1000000) {
 8:     printf("%p", &t);
 9:   }
10: 
11:   return 0;
12: }
13: int t(void) { void ((*volatile p)()); p = (void ((*)()))ffi_prep_raw_closure; return !p; }
/* end */

"gcc -o conftest -I/Users/gramos/.rvm/rubies/ruby-2.5.3/include/ruby-2.5.0/x86_64-darwin20 -I/Users/gramos/.rvm/rubies/ruby-2.5.3/include/ruby-2.5.0/ruby/backward -I/Users/gramos/.rvm/rubies/ruby-2.5.3/include/ruby-2.5.0 -I. -I/Library/Developer/CommandLineTools/SDKs/MacOSX.sdk/usr/include/ffi  -I/usr/local/opt/libyaml/include -I/usr/local/opt/libksba/include -I/usr/local/opt/readline/include -I/usr/local/opt/zlib/include -I/usr/local/opt/openssl@1.1/include -D_XOPEN_SOURCE -D_DARWIN_C_SOURCE -D_DARWIN_UNLIMITED_SELECT -D_REENTRANT   -Wno-implicit-function-declaration  conftest.c  -L. -L/Users/gramos/.rvm/rubies/ruby-2.5.3/lib -L/usr/local/opt/libyaml/lib -L/usr/local/opt/libksba/lib -L/usr/local/opt/readline/lib -L/usr/local/opt/zlib/lib -L/usr/local/opt/openssl@1.1/lib -L. -fstack-protector -L/usr/local/lib -L/usr/local/opt/libyaml/lib -L/usr/local/opt/libksba/lib -L/usr/local/opt/readline/lib -L/usr/local/opt/zlib/lib -L/usr/local/opt/openssl@1.1/lib     -lffi  -lffi -lruby.2.5.3 -lffi  -lffi -lpthread -ldl -lobjc "
checked program was:
/* begin */
 1: #include "ruby.h"
 2: 
 3: /*top*/
 4: extern int t(void);
 5: int main(int argc, char **argv)
 6: {
 7:   if (argc > 1000000) {
 8:     printf("%p", &t);
 9:   }
10: 
11:   return 0;
12: }
13: extern void ffi_prep_raw_closure();
14: int t(void) { ffi_prep_raw_closure(); return 0; }
/* end */

--------------------

have_header: checking for shlwapi.h... -------------------- no

"gcc -E -I/Users/gramos/.rvm/rubies/ruby-2.5.3/include/ruby-2.5.0/x86_64-darwin20 -I/Users/gramos/.rvm/rubies/ruby-2.5.3/include/ruby-2.5.0/ruby/backward -I/Users/gramos/.rvm/rubies/ruby-2.5.3/include/ruby-2.5.0 -I. -I/Library/Developer/CommandLineTools/SDKs/MacOSX.sdk/usr/include/ffi  -I/usr/local/opt/libyaml/include -I/usr/local/opt/libksba/include -I/usr/local/opt/readline/include -I/usr/local/opt/zlib/include -I/usr/local/opt/openssl@1.1/include -D_XOPEN_SOURCE -D_DARWIN_C_SOURCE -D_DARWIN_UNLIMITED_SELECT -D_REENTRANT   -Wno-implicit-function-declaration   conftest.c -o conftest.i"
conftest.c:3:10: fatal error: 'shlwapi.h' file not found
#include <shlwapi.h>
         ^~~~~~~~~~~
1 error generated.
checked program was:
/* begin */
1: #include "ruby.h"
2: 
3: #include <shlwapi.h>
/* end */

--------------------

have_func: checking for rb_thread_blocking_region()... -------------------- no

"gcc -o conftest -I/Users/gramos/.rvm/rubies/ruby-2.5.3/include/ruby-2.5.0/x86_64-darwin20 -I/Users/gramos/.rvm/rubies/ruby-2.5.3/include/ruby-2.5.0/ruby/backward -I/Users/gramos/.rvm/rubies/ruby-2.5.3/include/ruby-2.5.0 -I. -I/Library/Developer/CommandLineTools/SDKs/MacOSX.sdk/usr/include/ffi  -I/usr/local/opt/libyaml/include -I/usr/local/opt/libksba/include -I/usr/local/opt/readline/include -I/usr/local/opt/zlib/include -I/usr/local/opt/openssl@1.1/include -D_XOPEN_SOURCE -D_DARWIN_C_SOURCE -D_DARWIN_UNLIMITED_SELECT -D_REENTRANT   -Wno-implicit-function-declaration  conftest.c  -L. -L/Users/gramos/.rvm/rubies/ruby-2.5.3/lib -L/usr/local/opt/libyaml/lib -L/usr/local/opt/libksba/lib -L/usr/local/opt/readline/lib -L/usr/local/opt/zlib/lib -L/usr/local/opt/openssl@1.1/lib -L. -fstack-protector -L/usr/local/lib -L/usr/local/opt/libyaml/lib -L/usr/local/opt/libksba/lib -L/usr/local/opt/readline/lib -L/usr/local/opt/zlib/lib -L/usr/local/opt/openssl@1.1/lib     -lffi  -lffi -lruby.2.5.3 -lffi  -lffi -lpthread -ldl -lobjc "
conftest.c:13:57: error: use of undeclared identifier 'rb_thread_blocking_region'
int t(void) { void ((*volatile p)()); p = (void ((*)()))rb_thread_blocking_region; return !p; }
                                                        ^
1 error generated.
checked program was:
/* begin */
 1: #include "ruby.h"
 2: 
 3: /*top*/
 4: extern int t(void);
 5: int main(int argc, char **argv)
 6: {
 7:   if (argc > 1000000) {
 8:     printf("%p", &t);
 9:   }
10: 
11:   return 0;
12: }
13: int t(void) { void ((*volatile p)()); p = (void ((*)()))rb_thread_blocking_region; return !p; }
/* end */

"gcc -o conftest -I/Users/gramos/.rvm/rubies/ruby-2.5.3/include/ruby-2.5.0/x86_64-darwin20 -I/Users/gramos/.rvm/rubies/ruby-2.5.3/include/ruby-2.5.0/ruby/backward -I/Users/gramos/.rvm/rubies/ruby-2.5.3/include/ruby-2.5.0 -I. -I/Library/Developer/CommandLineTools/SDKs/MacOSX.sdk/usr/include/ffi  -I/usr/local/opt/libyaml/include -I/usr/local/opt/libksba/include -I/usr/local/opt/readline/include -I/usr/local/opt/zlib/include -I/usr/local/opt/openssl@1.1/include -D_XOPEN_SOURCE -D_DARWIN_C_SOURCE -D_DARWIN_UNLIMITED_SELECT -D_REENTRANT   -Wno-implicit-function-declaration  conftest.c  -L. -L/Users/gramos/.rvm/rubies/ruby-2.5.3/lib -L/usr/local/opt/libyaml/lib -L/usr/local/opt/libksba/lib -L/usr/local/opt/readline/lib -L/usr/local/opt/zlib/lib -L/usr/local/opt/openssl@1.1/lib -L. -fstack-protector -L/usr/local/lib -L/usr/local/opt/libyaml/lib -L/usr/local/opt/libksba/lib -L/usr/local/opt/readline/lib -L/usr/local/opt/zlib/lib -L/usr/local/opt/openssl@1.1/lib     -lffi  -lffi -lruby.2.5.3 -lffi  -lffi -lpthread -ldl -lobjc "
Undefined symbols for architecture x86_64:
  "_rb_thread_blocking_region", referenced from:
      _t in conftest-6c02cb.o
ld: symbol(s) not found for architecture x86_64
clang: error: linker command failed with exit code 1 (use -v to see invocation)
checked program was:
/* begin */
 1: #include "ruby.h"
 2: 
 3: /*top*/
 4: extern int t(void);
 5: int main(int argc, char **argv)
 6: {
 7:   if (argc > 1000000) {
 8:     printf("%p", &t);
 9:   }
10: 
11:   return 0;
12: }
13: extern void rb_thread_blocking_region();
14: int t(void) { rb_thread_blocking_region(); return 0; }
/* end */

--------------------

have_func: checking for rb_thread_call_with_gvl()... -------------------- yes

"gcc -o conftest -I/Users/gramos/.rvm/rubies/ruby-2.5.3/include/ruby-2.5.0/x86_64-darwin20 -I/Users/gramos/.rvm/rubies/ruby-2.5.3/include/ruby-2.5.0/ruby/backward -I/Users/gramos/.rvm/rubies/ruby-2.5.3/include/ruby-2.5.0 -I. -I/Library/Developer/CommandLineTools/SDKs/MacOSX.sdk/usr/include/ffi  -I/usr/local/opt/libyaml/include -I/usr/local/opt/libksba/include -I/usr/local/opt/readline/include -I/usr/local/opt/zlib/include -I/usr/local/opt/openssl@1.1/include -D_XOPEN_SOURCE -D_DARWIN_C_SOURCE -D_DARWIN_UNLIMITED_SELECT -D_REENTRANT   -Wno-implicit-function-declaration  conftest.c  -L. -L/Users/gramos/.rvm/rubies/ruby-2.5.3/lib -L/usr/local/opt/libyaml/lib -L/usr/local/opt/libksba/lib -L/usr/local/opt/readline/lib -L/usr/local/opt/zlib/lib -L/usr/local/opt/openssl@1.1/lib -L. -fstack-protector -L/usr/local/lib -L/usr/local/opt/libyaml/lib -L/usr/local/opt/libksba/lib -L/usr/local/opt/readline/lib -L/usr/local/opt/zlib/lib -L/usr/local/opt/openssl@1.1/lib     -lffi  -lffi -lruby.2.5.3 -lffi  -lffi -lpthread -ldl -lobjc "
conftest.c:13:57: error: use of undeclared identifier 'rb_thread_call_with_gvl'
int t(void) { void ((*volatile p)()); p = (void ((*)()))rb_thread_call_with_gvl; return !p; }
                                                        ^
1 error generated.
checked program was:
/* begin */
 1: #include "ruby.h"
 2: 
 3: /*top*/
 4: extern int t(void);
 5: int main(int argc, char **argv)
 6: {
 7:   if (argc > 1000000) {
 8:     printf("%p", &t);
 9:   }
10: 
11:   return 0;
12: }
13: int t(void) { void ((*volatile p)()); p = (void ((*)()))rb_thread_call_with_gvl; return !p; }
/* end */

"gcc -o conftest -I/Users/gramos/.rvm/rubies/ruby-2.5.3/include/ruby-2.5.0/x86_64-darwin20 -I/Users/gramos/.rvm/rubies/ruby-2.5.3/include/ruby-2.5.0/ruby/backward -I/Users/gramos/.rvm/rubies/ruby-2.5.3/include/ruby-2.5.0 -I. -I/Library/Developer/CommandLineTools/SDKs/MacOSX.sdk/usr/include/ffi  -I/usr/local/opt/libyaml/include -I/usr/local/opt/libksba/include -I/usr/local/opt/readline/include -I/usr/local/opt/zlib/include -I/usr/local/opt/openssl@1.1/include -D_XOPEN_SOURCE -D_DARWIN_C_SOURCE -D_DARWIN_UNLIMITED_SELECT -D_REENTRANT   -Wno-implicit-function-declaration  conftest.c  -L. -L/Users/gramos/.rvm/rubies/ruby-2.5.3/lib -L/usr/local/opt/libyaml/lib -L/usr/local/opt/libksba/lib -L/usr/local/opt/readline/lib -L/usr/local/opt/zlib/lib -L/usr/local/opt/openssl@1.1/lib -L. -fstack-protector -L/usr/local/lib -L/usr/local/opt/libyaml/lib -L/usr/local/opt/libksba/lib -L/usr/local/opt/readline/lib -L/usr/local/opt/zlib/lib -L/usr/local/opt/openssl@1.1/lib     -lffi  -lffi -lruby.2.5.3 -lffi  -lffi -lpthread -ldl -lobjc "
checked program was:
/* begin */
 1: #include "ruby.h"
 2: 
 3: /*top*/
 4: extern int t(void);
 5: int main(int argc, char **argv)
 6: {
 7:   if (argc > 1000000) {
 8:     printf("%p", &t);
 9:   }
10: 
11:   return 0;
12: }
13: extern void rb_thread_call_with_gvl();
14: int t(void) { rb_thread_call_with_gvl(); return 0; }
/* end */

--------------------

have_func: checking for rb_thread_call_without_gvl()... -------------------- yes

"gcc -o conftest -I/Users/gramos/.rvm/rubies/ruby-2.5.3/include/ruby-2.5.0/x86_64-darwin20 -I/Users/gramos/.rvm/rubies/ruby-2.5.3/include/ruby-2.5.0/ruby/backward -I/Users/gramos/.rvm/rubies/ruby-2.5.3/include/ruby-2.5.0 -I. -I/Library/Developer/CommandLineTools/SDKs/MacOSX.sdk/usr/include/ffi  -I/usr/local/opt/libyaml/include -I/usr/local/opt/libksba/include -I/usr/local/opt/readline/include -I/usr/local/opt/zlib/include -I/usr/local/opt/openssl@1.1/include -D_XOPEN_SOURCE -D_DARWIN_C_SOURCE -D_DARWIN_UNLIMITED_SELECT -D_REENTRANT   -Wno-implicit-function-declaration  conftest.c  -L. -L/Users/gramos/.rvm/rubies/ruby-2.5.3/lib -L/usr/local/opt/libyaml/lib -L/usr/local/opt/libksba/lib -L/usr/local/opt/readline/lib -L/usr/local/opt/zlib/lib -L/usr/local/opt/openssl@1.1/lib -L. -fstack-protector -L/usr/local/lib -L/usr/local/opt/libyaml/lib -L/usr/local/opt/libksba/lib -L/usr/local/opt/readline/lib -L/usr/local/opt/zlib/lib -L/usr/local/opt/openssl@1.1/lib     -lffi  -lffi -lruby.2.5.3 -lffi  -lffi -lpthread -ldl -lobjc "
conftest.c:13:57: error: use of undeclared identifier 'rb_thread_call_without_gvl'
int t(void) { void ((*volatile p)()); p = (void ((*)()))rb_thread_call_without_gvl; return !p; }
                                                        ^
1 error generated.
checked program was:
/* begin */
 1: #include "ruby.h"
 2: 
 3: /*top*/
 4: extern int t(void);
 5: int main(int argc, char **argv)
 6: {
 7:   if (argc > 1000000) {
 8:     printf("%p", &t);
 9:   }
10: 
11:   return 0;
12: }
13: int t(void) { void ((*volatile p)()); p = (void ((*)()))rb_thread_call_without_gvl; return !p; }
/* end */

"gcc -o conftest -I/Users/gramos/.rvm/rubies/ruby-2.5.3/include/ruby-2.5.0/x86_64-darwin20 -I/Users/gramos/.rvm/rubies/ruby-2.5.3/include/ruby-2.5.0/ruby/backward -I/Users/gramos/.rvm/rubies/ruby-2.5.3/include/ruby-2.5.0 -I. -I/Library/Developer/CommandLineTools/SDKs/MacOSX.sdk/usr/include/ffi  -I/usr/local/opt/libyaml/include -I/usr/local/opt/libksba/include -I/usr/local/opt/readline/include -I/usr/local/opt/zlib/include -I/usr/local/opt/openssl@1.1/include -D_XOPEN_SOURCE -D_DARWIN_C_SOURCE -D_DARWIN_UNLIMITED_SELECT -D_REENTRANT   -Wno-implicit-function-declaration  conftest.c  -L. -L/Users/gramos/.rvm/rubies/ruby-2.5.3/lib -L/usr/local/opt/libyaml/lib -L/usr/local/opt/libksba/lib -L/usr/local/opt/readline/lib -L/usr/local/opt/zlib/lib -L/usr/local/opt/openssl@1.1/lib -L. -fstack-protector -L/usr/local/lib -L/usr/local/opt/libyaml/lib -L/usr/local/opt/libksba/lib -L/usr/local/opt/readline/lib -L/usr/local/opt/zlib/lib -L/usr/local/opt/openssl@1.1/lib     -lffi  -lffi -lruby.2.5.3 -lffi  -lffi -lpthread -ldl -lobjc "
checked program was:
/* begin */
 1: #include "ruby.h"
 2: 
 3: /*top*/
 4: extern int t(void);
 5: int main(int argc, char **argv)
 6: {
 7:   if (argc > 1000000) {
 8:     printf("%p", &t);
 9:   }
10: 
11:   return 0;
12: }
13: extern void rb_thread_call_without_gvl();
14: int t(void) { rb_thread_call_without_gvl(); return 0; }
/* end */

--------------------

have_func: checking for ffi_prep_cif_var()... -------------------- yes

"gcc -o conftest -I/Users/gramos/.rvm/rubies/ruby-2.5.3/include/ruby-2.5.0/x86_64-darwin20 -I/Users/gramos/.rvm/rubies/ruby-2.5.3/include/ruby-2.5.0/ruby/backward -I/Users/gramos/.rvm/rubies/ruby-2.5.3/include/ruby-2.5.0 -I. -I/Library/Developer/CommandLineTools/SDKs/MacOSX.sdk/usr/include/ffi  -I/usr/local/opt/libyaml/include -I/usr/local/opt/libksba/include -I/usr/local/opt/readline/include -I/usr/local/opt/zlib/include -I/usr/local/opt/openssl@1.1/include -D_XOPEN_SOURCE -D_DARWIN_C_SOURCE -D_DARWIN_UNLIMITED_SELECT -D_REENTRANT   -Wno-implicit-function-declaration  conftest.c  -L. -L/Users/gramos/.rvm/rubies/ruby-2.5.3/lib -L/usr/local/opt/libyaml/lib -L/usr/local/opt/libksba/lib -L/usr/local/opt/readline/lib -L/usr/local/opt/zlib/lib -L/usr/local/opt/openssl@1.1/lib -L. -fstack-protector -L/usr/local/lib -L/usr/local/opt/libyaml/lib -L/usr/local/opt/libksba/lib -L/usr/local/opt/readline/lib -L/usr/local/opt/zlib/lib -L/usr/local/opt/openssl@1.1/lib     -lffi  -lffi -lruby.2.5.3 -lffi  -lffi -lpthread -ldl -lobjc "
conftest.c:13:57: error: use of undeclared identifier 'ffi_prep_cif_var'
int t(void) { void ((*volatile p)()); p = (void ((*)()))ffi_prep_cif_var; return !p; }
                                                        ^
1 error generated.
checked program was:
/* begin */
 1: #include "ruby.h"
 2: 
 3: /*top*/
 4: extern int t(void);
 5: int main(int argc, char **argv)
 6: {
 7:   if (argc > 1000000) {
 8:     printf("%p", &t);
 9:   }
10: 
11:   return 0;
12: }
13: int t(void) { void ((*volatile p)()); p = (void ((*)()))ffi_prep_cif_var; return !p; }
/* end */

"gcc -o conftest -I/Users/gramos/.rvm/rubies/ruby-2.5.3/include/ruby-2.5.0/x86_64-darwin20 -I/Users/gramos/.rvm/rubies/ruby-2.5.3/include/ruby-2.5.0/ruby/backward -I/Users/gramos/.rvm/rubies/ruby-2.5.3/include/ruby-2.5.0 -I. -I/Library/Developer/CommandLineTools/SDKs/MacOSX.sdk/usr/include/ffi  -I/usr/local/opt/libyaml/include -I/usr/local/opt/libksba/include -I/usr/local/opt/readline/include -I/usr/local/opt/zlib/include -I/usr/local/opt/openssl@1.1/include -D_XOPEN_SOURCE -D_DARWIN_C_SOURCE -D_DARWIN_UNLIMITED_SELECT -D_REENTRANT   -Wno-implicit-function-declaration  conftest.c  -L. -L/Users/gramos/.rvm/rubies/ruby-2.5.3/lib -L/usr/local/opt/libyaml/lib -L/usr/local/opt/libksba/lib -L/usr/local/opt/readline/lib -L/usr/local/opt/zlib/lib -L/usr/local/opt/openssl@1.1/lib -L. -fstack-protector -L/usr/local/lib -L/usr/local/opt/libyaml/lib -L/usr/local/opt/libksba/lib -L/usr/local/opt/readline/lib -L/usr/local/opt/zlib/lib -L/usr/local/opt/openssl@1.1/lib     -lffi  -lffi -lruby.2.5.3 -lffi  -lffi -lpthread -ldl -lobjc "
checked program was:
/* begin */
 1: #include "ruby.h"
 2: 
 3: /*top*/
 4: extern int t(void);
 5: int main(int argc, char **argv)
 6: {
 7:   if (argc > 1000000) {
 8:     printf("%p", &t);
 9:   }
10: 
11:   return 0;
12: }
13: extern void ffi_prep_cif_var();
14: int t(void) { ffi_prep_cif_var(); return 0; }
/* end */

--------------------

extconf.h is:
/* begin */
 1: #ifndef EXTCONF_H
 2: #define EXTCONF_H
 3: #define HAVE_FFI_PREP_CLOSURE 1
 4: #define HAVE_FFI_RAW_CALL 1
 5: #define HAVE_FFI_PREP_RAW_CLOSURE 1
 6: #define HAVE_RAW_API 1
 7: #define HAVE_RB_THREAD_CALL_WITH_GVL 1
 8: #define HAVE_RB_THREAD_CALL_WITHOUT_GVL 1
 9: #define HAVE_FFI_PREP_CIF_VAR 1
10: #define RUBY_1_9 1
11: #endif
/* end */

